<?xml version="1.0" encoding="UTF-8"?>
<testsuite xmlns:xsi="http://www.w3.org/2001/XMLSchema-instance" xsi:noNamespaceSchemaLocation="https://maven.apache.org/surefire/maven-surefire-plugin/xsd/surefire-test-report.xsd" name="testRunner.TestRunner" time="21.599" tests="1" errors="0" skipped="0" failures="1">
  <properties>
[...]
</properties>
  <testcase name="Advance Search Link #2" classname="Ebay Home Page Scenarios #2" time="19.745">
    <failure type="java.lang.AssertionError">java.lang.AssertionError
</failure>
    <system-out><![CDATA[
@P3
Scenario: Advance Search Link                           # Features/Ebay_Home.feature:10
  Given I am on Ebay Home Page                          # steps.Ebay_Home_Steps.i_am_on_ebay_home_page()
  When I search for 'Iphone 14'                         # steps.Ebay_Home_Steps.iSearchForProduct(java.lang.String)
  Then I validate at least 100000 results are displayed # steps.Ebay_Home_Steps.iValidateAtLeastResultsAreDisplayed(int)
      java.lang.AssertionError
	at org.junit.Assert.fail(Assert.java:87)
	at org.junit.Assert.assertTrue(Assert.java:42)
	at org.junit.Assert.assertTrue(Assert.java:53)
	at steps.Ebay_Home_Steps.iValidateAtLeastResultsAreDisplayed(Ebay_Home_Steps.java:44)
	at âœ½.I validate at least 100000 results are displayed(file:///C:/Users/HP/IdeaProjects/Cucumber/Features/Ebay_Home.feature:13)


    Embedding Advance Search Link [image/png 281520 bytes]

]]></system-out>
    <system-err><![CDATA[SLF4J: Failed to load class "org.slf4j.impl.StaticLoggerBinder".
SLF4J: Defaulting to no-operation (NOP) logger implementation
SLF4J: See http://www.slf4j.org/codes.html#StaticLoggerBinder for further details.
Starting ChromeDriver 110.0.5481.77 (65ed616c6e8ee3fe0ad64fe83796c020644d42af-refs/branch-heads/5481@{#839}) on port 34209
Only local connections are allowed.
Please see https://chromedriver.chromium.org/security-considerations for suggestions on keeping ChromeDriver safe.
ChromeDriver was started successfully.
[1678130646.389][WARNING]: virtual void DevToolsClientImpl::AddListener(DevToolsEventListener *) subscribing a listener to the already connected DevToolsClient. Connection notification will not arrive.
]]></system-err>
  </testcase>
</testsuite>